src/ats/optimizer.ts(47,33): error TS6133: 'suggestion' is declared but its value is never read.
src/ats/optimizer.ts(57,38): error TS6133: 'issue' is declared but its value is never read.
src/ats/optimizer.ts(81,10): error TS6133: 'getOptimizationForIssue' is declared but its value is never read.
src/cli/commands/base-command.ts(19,3): error TS6133: 'PdfOptions' is declared but its value is never read.
src/cli/commands/manage-profile.ts(10,1): error TS6133: 'Command' is declared but its value is never read.
src/cli/commands/manage-profile.ts(17,24): error TS6196: 'ProfileVersion' is declared but never used.
src/core/index.ts(9,1): error TS2308: Module './types/index.js' has already exported a member named 'PDFOptions'. Consider explicitly re-exporting to resolve the ambiguity.
src/core/services/cv-service.ts(143,7): error TS2769: No overload matches this call.
  Overload 1 of 4, '(iterable?: Iterable<readonly [string, ExperienceEntry]> | null | undefined): Map<string, ExperienceEntry>', gave the following error.
    Argument of type '[any, Experience][]' is not assignable to parameter of type 'Iterable<readonly [string, ExperienceEntry]>'.
      The types returned by '[Symbol.iterator]().next(...)' are incompatible between these types.
        Type 'IteratorResult<[any, Experience], undefined>' is not assignable to type 'IteratorResult<readonly [string, ExperienceEntry], any>' with 'exactOptionalPropertyTypes: true'. Consider adding 'undefined' to the types of the target's properties.
          Type 'IteratorYieldResult<[any, Experience]>' is not assignable to type 'IteratorResult<readonly [string, ExperienceEntry], any>' with 'exactOptionalPropertyTypes: true'. Consider adding 'undefined' to the types of the target's properties.
            Type 'IteratorYieldResult<[any, Experience]>' is not assignable to type 'IteratorYieldResult<readonly [string, ExperienceEntry]>' with 'exactOptionalPropertyTypes: true'. Consider adding 'undefined' to the types of the target's properties.
              Type '[any, Experience]' is not assignable to type 'readonly [string, ExperienceEntry]'.
                Type at position 1 in source is not compatible with type at position 1 in target.
                  Type 'Experience' is missing the following properties from type 'ExperienceEntry': title, company
  Overload 2 of 4, '(entries?: readonly (readonly [string, ExperienceEntry])[] | null | undefined): Map<string, ExperienceEntry>', gave the following error.
    Argument of type '[any, Experience][]' is not assignable to parameter of type 'readonly (readonly [string, ExperienceEntry])[]'.
      Type '[any, Experience]' is not assignable to type 'readonly [string, ExperienceEntry]'.
        Type at position 1 in source is not compatible with type at position 1 in target.
          Type 'Experience' is missing the following properties from type 'ExperienceEntry': title, company
src/core/services/cv-service.ts(143,42): error TS2339: Property 'title' does not exist on type 'Experience'.
src/core/services/cv-service.ts(143,54): error TS2339: Property 'company' does not exist on type 'Experience'.
src/core/services/cv-service.ts(146,7): error TS2769: No overload matches this call.
  Overload 1 of 4, '(iterable?: Iterable<readonly [string, ExperienceEntry]> | null | undefined): Map<string, ExperienceEntry>', gave the following error.
    Argument of type '[any, Experience][]' is not assignable to parameter of type 'Iterable<readonly [string, ExperienceEntry]>'.
      The types returned by '[Symbol.iterator]().next(...)' are incompatible between these types.
        Type 'IteratorResult<[any, Experience], undefined>' is not assignable to type 'IteratorResult<readonly [string, ExperienceEntry], any>' with 'exactOptionalPropertyTypes: true'. Consider adding 'undefined' to the types of the target's properties.
          Type 'IteratorYieldResult<[any, Experience]>' is not assignable to type 'IteratorResult<readonly [string, ExperienceEntry], any>' with 'exactOptionalPropertyTypes: true'. Consider adding 'undefined' to the types of the target's properties.
            Type 'IteratorYieldResult<[any, Experience]>' is not assignable to type 'IteratorYieldResult<readonly [string, ExperienceEntry]>' with 'exactOptionalPropertyTypes: true'. Consider adding 'undefined' to the types of the target's properties.
              Type '[any, Experience]' is not assignable to type 'readonly [string, ExperienceEntry]'.
                Type at position 1 in source is not compatible with type at position 1 in target.
                  Type 'Experience' is missing the following properties from type 'ExperienceEntry': title, company
  Overload 2 of 4, '(entries?: readonly (readonly [string, ExperienceEntry])[] | null | undefined): Map<string, ExperienceEntry>', gave the following error.
    Argument of type '[any, Experience][]' is not assignable to parameter of type 'readonly (readonly [string, ExperienceEntry])[]'.
      Type '[any, Experience]' is not assignable to type 'readonly [string, ExperienceEntry]'.
        Type at position 1 in source is not compatible with type at position 1 in target.
          Type 'Experience' is missing the following properties from type 'ExperienceEntry': title, company
src/core/services/cv-service.ts(146,42): error TS2339: Property 'title' does not exist on type 'Experience'.
src/core/services/cv-service.ts(146,54): error TS2339: Property 'company' does not exist on type 'Experience'.
src/core/services/index.ts(37,26): error TS2345: Argument of type 'Storage' is not assignable to parameter of type 'CVStorageProvider'.
  Type 'Storage' is missing the following properties from type 'CVStorageProvider': saveProfile, saveVersion, getProfile, getVersion
src/core/services/pdf/mock-pdf-generator.ts(9,32): error TS6133: 'options' is declared but its value is never read.
src/core/services/pdf/mock-pdf-generator.ts(17,18): error TS2339: Property 'title' does not exist on type 'Experience'.
src/core/services/pdf/mock-pdf-generator.ts(17,34): error TS2339: Property 'company' does not exist on type 'Experience'.
src/core/services/pdf/pdf-generator-impl.ts(4,1): error TS6133: 'join' is declared but its value is never read.
src/core/services/pdf/pdf-generator-impl.ts(54,30): error TS6133: 'templatePath' is declared but its value is never read.
src/core/services/pdf/pdf-generator-impl.ts(54,52): error TS6133: 'data' is declared but its value is never read.
src/core/services/pdf/pdf-generator-impl.ts(54,66): error TS6133: 'outputPath' is declared but its value is never read.
src/core/services/pdf/pdf-generator-impl.ts(54,86): error TS6133: 'options' is declared but its value is never read.
src/core/services/pdf/pdf-generator.ts(73,9): error TS1128: Declaration or statement expected.
src/core/services/pdf/pdf-generator.ts(73,10): error TS1128: Declaration or statement expected.
src/core/services/pdf/pdf-generator.ts(74,9): error TS7028: Unused label.
src/core/services/pdf/pdf-generator.ts(74,26): error TS2695: Left side of comma operator is unused and has no side effects.
src/core/services/pdf/pdf-generator.ts(75,9): error TS2304: Cannot find name 'displayHeaderFooter'.
src/core/services/pdf/pdf-generator.ts(75,28): error TS1005: ';' expected.
src/core/services/pdf/pdf-generator.ts(75,30): error TS2552: Cannot find name 'options'. Did you mean 'Option'?
src/core/services/pdf/pdf-generator.ts(76,9): error TS2304: Cannot find name 'headerTemplate'.
src/core/services/pdf/pdf-generator.ts(76,23): error TS1005: ';' expected.
src/core/services/pdf/pdf-generator.ts(76,25): error TS2552: Cannot find name 'options'. Did you mean 'Option'?
src/core/services/pdf/pdf-generator.ts(77,9): error TS2304: Cannot find name 'footerTemplate'.
src/core/services/pdf/pdf-generator.ts(77,23): error TS1005: ';' expected.
src/core/services/pdf/pdf-generator.ts(77,25): error TS2552: Cannot find name 'options'. Did you mean 'Option'?
src/core/services/pdf/pdf-generator.ts(78,7): error TS1109: Expression expected.
src/core/services/pdf/pdf-generator.ts(80,13): error TS6133: 'pdf' is declared but its value is never read.
src/core/services/pdf/pdf-generator.ts(80,25): error TS2304: Cannot find name 'page'.
src/core/services/pdf/pdf-generator.ts(80,34): error TS2304: Cannot find name 'pdfOptions'.
src/core/services/pdf/pdf-generator.ts(83,5): error TS1128: Declaration or statement expected.
src/core/services/pdf/pdf-generator.ts(83,7): error TS1005: 'try' expected.
src/core/services/pdf/pdf-generator.ts(83,7): error TS7027: Unreachable code detected.
src/core/services/pdf/pdf-generator.ts(84,13): error TS2304: Cannot find name 'browser'.
src/core/services/pdf/pdf-generator.ts(86,3): error TS1128: Declaration or statement expected.
src/core/services/pdf/pdf-generator.ts(88,3): error TS1128: Declaration or statement expected.
src/core/services/pdf/pdf-generator.ts(88,11): error TS2304: Cannot find name 'generateHTML'.
src/core/services/pdf/pdf-generator.ts(88,24): error TS2304: Cannot find name 'content'.
src/core/services/pdf/pdf-generator.ts(88,31): error TS1005: ',' expected.
src/core/services/pdf/pdf-generator.ts(88,33): error TS2693: 'string' only refers to a type, but is being used as a value here.
src/core/services/pdf/pdf-generator.ts(88,41): error TS2304: Cannot find name 'styles'.
src/core/services/pdf/pdf-generator.ts(88,47): error TS1005: ',' expected.
src/core/services/pdf/pdf-generator.ts(88,49): error TS2693: 'string' only refers to a type, but is being used as a value here.
src/core/services/pdf/pdf-generator.ts(88,56): error TS1005: ';' expected.
src/core/services/pdf/pdf-generator.ts(88,58): error TS1434: Unexpected keyword or identifier.
src/core/services/pdf/pdf-generator.ts(88,58): error TS2693: 'string' only refers to a type, but is being used as a value here.
src/core/services/pdf/pdf-generator.ts(89,11): error TS6133: 'html' is declared but its value is never read.
src/core/services/pdf/pdf-generator.ts(89,18): error TS2532: Object is possibly 'undefined'.
src/core/services/pdf/pdf-generator.ts(89,39): error TS2304: Cannot find name 'content'.
src/core/services/pdf/pdf-generator.ts(104,1): error TS1128: Declaration or statement expected.
src/core/services/pdf/templates/federal-template.ts(4,1): error TS6133: 'Experience' is declared but its value is never read.
src/core/services/pdf/templates/minimal-template.ts(1,23): error TS6196: 'Experience' is declared but never used.
src/core/services/pdf/templates/template-provider.ts(195,50): error TS6133: 'options' is declared but its value is never read.
src/core/services/pdf/templates/template-provider.ts(205,11): error TS6133: 'orderExperience' is declared but its value is never read.
src/core/services/pdf/templates/template-selector.ts(90,11): error TS6133: 'markdown' is declared but its value is never read.
src/core/services/pdf/templates/template-selector.ts(91,11): error TS6133: 'styles' is declared but its value is never read.
src/core/types/cv-generation.ts(5,1): error TS6133: 'Experience' is declared but its value is never read.
src/core/utils/validators/academic-cv-validator.ts(6,3): error TS2305: Module '"../../types/academic-types.js"' has no exported member 'Award'.
src/core/utils/validators/academic-cv-validator.ts(284,32): error TS2532: Object is possibly 'undefined'.
src/shared/services/profile-service.ts(7,3): error TS6133: 'ImportSource' is declared but its value is never read.
src/shared/services/profile-service.ts(8,3): error TS6133: 'MergeStrategy' is declared but its value is never read.
src/shared/services/profile-service.ts(9,3): error TS6133: 'MergeConfig' is declared but its value is never read.
src/shared/services/profile-service.ts(10,3): error TS6133: 'ExperienceEntry' is declared but its value is never read.
src/shared/services/profile-service.ts(11,3): error TS6133: 'EducationEntry' is declared but its value is never read.
src/shared/services/profile-service.ts(12,3): error TS6133: 'SkillEntry' is declared but its value is never read.
src/shared/services/profile-service.ts(13,3): error TS6133: 'CertificationEntry' is declared but its value is never read.
src/shared/services/profile-service.ts(14,3): error TS6133: 'ProjectEntry' is declared but its value is never read.
src/shared/services/profile-service.ts(102,39): error TS6133: 'versionId' is declared but its value is never read.
src/shared/tools/__mocks__/puppeteer.ts(10,43): error TS6133: 'fn' is declared but its value is never read.
src/shared/tools/analyze-mercy-posting.ts(104,10): error TS6133: 'generateCVMarkdown' is declared but its value is never read.
src/shared/tools/analyze-mercy-posting.ts(139,25): error TS2339: Property 'certification' does not exist on type 'string'.
src/shared/tools/analyze-mercy-posting.ts(140,12): error TS2339: Property 'institution' does not exist on type 'string'.
src/shared/tools/analyze-mercy-posting.ts(140,46): error TS2339: Property 'institution' does not exist on type 'string'.
src/shared/tools/analyze-mercy-posting.ts(141,12): error TS2339: Property 'year' does not exist on type 'string'.
src/shared/tools/analyze-mercy-posting.ts(141,39): error TS2339: Property 'year' does not exist on type 'string'.
src/shared/tools/analyze-mercy-posting.ts(146,34): error TS2339: Property 'certification' does not exist on type 'string'.
src/shared/tools/asset-manager.ts(313,15): error TS2345: Argument of type 'number | undefined' is not assignable to parameter of type 'number'.
  Type 'undefined' is not assignable to type 'number'.
src/shared/tools/asset-manager.ts(313,31): error TS2345: Argument of type 'number | undefined' is not assignable to parameter of type 'number'.
  Type 'undefined' is not assignable to type 'number'.
src/shared/tools/asset-manager.ts(317,14): error TS2322: Type 'number | undefined' is not assignable to type 'number'.
  Type 'undefined' is not assignable to type 'number'.
src/shared/tools/asset-manager.ts(317,21): error TS2322: Type 'number | undefined' is not assignable to type 'number'.
  Type 'undefined' is not assignable to type 'number'.
src/shared/tools/asset-manager.ts(574,11): error TS6133: 'alpha' is declared but its value is never read.
src/shared/tools/cv-parser.ts(1,1): error TS6133: 'ProfileData' is declared but its value is never read.
src/shared/tools/generator.ts(6,3): error TS6133: 'loadCVData' is declared but its value is never read.
src/shared/tools/generator.ts(18,3): error TS6133: 'resolveOutputPath' is declared but its value is never read.
src/shared/tools/generator.ts(20,3): error TS6133: 'ensureProjectDirectories' is declared but its value is never read.
src/shared/tools/helpers.ts(2,1): error TS6133: 'fileURLToPath' is declared but its value is never read.
src/shared/tools/helpers.ts(106,30): error TS2345: Argument of type 'string | undefined' is not assignable to parameter of type 'string'.
  Type 'undefined' is not assignable to type 'string'.
src/shared/tools/helpers.ts(106,56): error TS2345: Argument of type 'string | undefined' is not assignable to parameter of type 'string'.
  Type 'undefined' is not assignable to type 'string'.
src/shared/tools/helpers.ts(113,32): error TS2532: Object is possibly 'undefined'.
src/shared/tools/helpers.ts(113,99): error TS2532: Object is possibly 'undefined'.
src/shared/tools/helpers.ts(116,32): error TS2345: Argument of type 'string | undefined' is not assignable to parameter of type 'string'.
  Type 'undefined' is not assignable to type 'string'.
src/shared/tools/helpers.ts(146,32): error TS2769: No overload matches this call.
  Overload 1 of 5, '(value: string | number | Date): Date', gave the following error.
    Argument of type 'string | undefined' is not assignable to parameter of type 'string | number | Date'.
      Type 'undefined' is not assignable to type 'string | number | Date'.
  Overload 2 of 5, '(vd: VarDate): Date', gave the following error.
    Argument of type 'string | undefined' is not assignable to parameter of type 'VarDate'.
      Type 'undefined' is not assignable to type 'VarDate'.
  Overload 3 of 5, '(value: string | number): Date', gave the following error.
    Argument of type 'string | undefined' is not assignable to parameter of type 'string | number'.
      Type 'undefined' is not assignable to type 'string | number'.
src/shared/tools/helpers.ts(160,24): error TS2769: No overload matches this call.
  Overload 1 of 5, '(value: string | number | Date): Date', gave the following error.
    Argument of type 'string | undefined' is not assignable to parameter of type 'string | number | Date'.
      Type 'undefined' is not assignable to type 'string | number | Date'.
  Overload 2 of 5, '(vd: VarDate): Date', gave the following error.
    Argument of type 'string | undefined' is not assignable to parameter of type 'VarDate'.
      Type 'undefined' is not assignable to type 'VarDate'.
  Overload 3 of 5, '(value: string | number): Date', gave the following error.
    Argument of type 'string | undefined' is not assignable to parameter of type 'string | number'.
      Type 'undefined' is not assignable to type 'string | number'.
src/shared/tools/helpers.ts(177,30): error TS2345: Argument of type 'string | undefined' is not assignable to parameter of type 'string'.
  Type 'undefined' is not assignable to type 'string'.
src/shared/tools/helpers.ts(185,34): error TS2769: No overload matches this call.
  Overload 1 of 5, '(value: string | number | Date): Date', gave the following error.
    Argument of type 'string | undefined' is not assignable to parameter of type 'string | number | Date'.
      Type 'undefined' is not assignable to type 'string | number | Date'.
  Overload 2 of 5, '(vd: VarDate): Date', gave the following error.
    Argument of type 'string | undefined' is not assignable to parameter of type 'VarDate'.
      Type 'undefined' is not assignable to type 'VarDate'.
  Overload 3 of 5, '(value: string | number): Date', gave the following error.
    Argument of type 'string | undefined' is not assignable to parameter of type 'string | number'.
      Type 'undefined' is not assignable to type 'string | number'.
src/shared/tools/helpers.ts(186,23): error TS2532: Object is possibly 'undefined'.
src/shared/tools/helpers.ts(188,20): error TS2769: No overload matches this call.
  Overload 1 of 5, '(value: string | number | Date): Date', gave the following error.
    Argument of type 'string | undefined' is not assignable to parameter of type 'string | number | Date'.
      Type 'undefined' is not assignable to type 'string | number | Date'.
  Overload 2 of 5, '(vd: VarDate): Date', gave the following error.
    Argument of type 'string | undefined' is not assignable to parameter of type 'VarDate'.
      Type 'undefined' is not assignable to type 'VarDate'.
  Overload 3 of 5, '(value: string | number): Date', gave the following error.
    Argument of type 'string | undefined' is not assignable to parameter of type 'string | number'.
      Type 'undefined' is not assignable to type 'string | number'.
src/shared/tools/helpers.ts(196,34): error TS2345: Argument of type 'string | undefined' is not assignable to parameter of type 'string'.
  Type 'undefined' is not assignable to type 'string'.
src/shared/tools/helpers.ts(197,22): error TS2532: Object is possibly 'undefined'.
src/shared/tools/helpers.ts(217,29): error TS2345: Argument of type 'string | undefined' is not assignable to parameter of type 'string'.
  Type 'undefined' is not assignable to type 'string'.
src/shared/tools/helpers.ts(285,21): error TS2532: Object is possibly 'undefined'.
src/shared/tools/helpers.ts(305,39): error TS18048: 'monthName' is possibly 'undefined'.
src/shared/tools/helpers.ts(312,13): error TS2532: Object is possibly 'undefined'.
src/shared/tools/helpers.ts(312,43): error TS18048: 'monthName' is possibly 'undefined'.
src/shared/tools/helpers.ts(503,23): error TS7030: Not all code paths return a value.
src/shared/tools/job-analyzer.ts(9,54): error TS6133: 'options' is declared but its value is never read.
src/shared/tools/markdown-profile-parser.ts(1,1): error TS6133: 'uuidv4' is declared but its value is never read.
src/shared/tools/markdown-profile-parser.ts(2,1): error TS6192: All imports in import declaration are unused.
src/shared/tools/markdown-profile-parser.ts(5,44): error TS6133: 'markdown' is declared but its value is never read.
src/shared/tools/pdf-generator-ats.ts(22,43): error TS2554: Expected 1 arguments, but got 2.
src/shared/tools/pdf-generator-ats.ts(23,10): error TS2304: Cannot find name 'DEFAULT_PDF_OPTIONS'.
src/shared/tools/pdf-generator-ats.ts(28,25): error TS2304: Cannot find name 'convertMarkdownToPdf'.
src/shared/tools/pdf-generator-ats.ts(57,29): error TS2304: Cannot find name 'convertMarkdownToPdf'.
src/shared/tools/pdf-generator-ats.ts(79,3): error TS6133: 'options' is declared but its value is never read.
src/shared/tools/pdf-generator-ats.ts(82,9): error TS6133: 'analysis' is declared but its value is never read.
src/shared/tools/pdf-generator.ts(5,27): error TS6196: 'CVTypeConfiguration' is declared but never used.
src/shared/tools/pdf-generator.ts(5,54): error TS2307: Cannot find module '../shared/types/cv-types.js' or its corresponding type declarations.
src/shared/tools/pdf-generator.ts(46,28): error TS18048: 'token' is possibly 'undefined'.
src/shared/tools/pdf-generator.ts(48,16): error TS18048: 'token' is possibly 'undefined'.
src/shared/tools/pdf-generator.ts(101,24): error TS2339: Property 'pdfTitle' does not exist on type 'StyleOptions'.
src/shared/tools/pdf-generator.ts(105,27): error TS2339: Property 'paperSize' does not exist on type 'StyleOptions'.
src/shared/tools/pdf-generator.ts(105,48): error TS2339: Property 'orientation' does not exist on type 'StyleOptions'.
src/shared/tools/pdf-generator.ts(106,29): error TS2339: Property 'margins' does not exist on type 'StyleOptions'.
src/shared/tools/pdf-generator.ts(106,54): error TS2339: Property 'margins' does not exist on type 'StyleOptions'.
src/shared/tools/pdf-generator.ts(106,81): error TS2339: Property 'margins' does not exist on type 'StyleOptions'.
src/shared/tools/pdf-generator.ts(106,109): error TS2339: Property 'margins' does not exist on type 'StyleOptions'.
src/shared/tools/pdf-generator.ts(137,19): error TS2339: Property 'margins' does not exist on type 'Partial<StyleOptions>'.
src/shared/tools/pdf-generator.ts(161,26): error TS2339: Property 'paperSize' does not exist on type 'StyleOptions'.
src/shared/tools/pdf-generator.ts(162,29): error TS2339: Property 'orientation' does not exist on type 'StyleOptions'.
src/shared/tools/pdf-generator.ts(164,28): error TS2339: Property 'margins' does not exist on type 'StyleOptions'.
src/shared/tools/pdf-generator.ts(165,30): error TS2339: Property 'margins' does not exist on type 'StyleOptions'.
src/shared/tools/pdf-generator.ts(166,31): error TS2339: Property 'margins' does not exist on type 'StyleOptions'.
src/shared/tools/pdf-generator.ts(167,29): error TS2339: Property 'margins' does not exist on type 'StyleOptions'.
src/shared/tools/pdf-generator.ts(170,39): error TS2339: Property 'includeHeaderFooter' does not exist on type 'StyleOptions'.
src/shared/tools/pdf-generator.ts(185,34): error TS2339: Property 'includeHeaderFooter' does not exist on type 'StyleOptions'.
src/shared/tools/pdf-generator.ts(185,65): error TS2339: Property 'headerText' does not exist on type 'StyleOptions'.
src/shared/tools/pdf-generator.ts(186,92): error TS2339: Property 'fontFamily' does not exist on type 'StyleOptions'.
src/shared/tools/pdf-generator.ts(186,132): error TS2339: Property 'headerText' does not exist on type 'StyleOptions'.
src/shared/tools/pdf-generator.ts(189,34): error TS2339: Property 'includeHeaderFooter' does not exist on type 'StyleOptions'.
src/shared/tools/pdf-generator.ts(189,65): error TS2339: Property 'footerText' does not exist on type 'StyleOptions'.
src/shared/tools/pdf-generator.ts(190,92): error TS2339: Property 'fontFamily' does not exist on type 'StyleOptions'.
src/shared/tools/pdf-generator.ts(191,19): error TS2339: Property 'footerText' does not exist on type 'StyleOptions'.
src/shared/tools/scrape-mercy-posting.ts(36,39): error TS2339: Property 'title' does not exist on type 'ScrapedJobPosting'.
src/shared/tools/scrape-mercy-posting.ts(37,37): error TS2339: Property 'company' does not exist on type 'ScrapedJobPosting'.
src/shared/tools/scraper.ts(29,5): error TS2375: Type '{ title: string | undefined; company: string | undefined; location: string | undefined; description: string | undefined; responsibilities: string[]; qualifications: string[]; skills: string[]; education: string[]; experience: string[]; metadata: { ...; }; }' is not assignable to type 'Partial<JobPosting>' with 'exactOptionalPropertyTypes: true'. Consider adding 'undefined' to the types of the target's properties.
  Types of property 'title' are incompatible.
    Type 'string | undefined' is not assignable to type 'string'.
      Type 'undefined' is not assignable to type 'string'.
src/shared/tools/scraper.ts(73,45): error TS2379: Argument of type '{ headless: boolean | undefined; args: string[]; }' is not assignable to parameter of type 'PuppeteerLaunchOptions' with 'exactOptionalPropertyTypes: true'. Consider adding 'undefined' to the types of the target's properties.
  Types of property 'headless' are incompatible.
    Type 'boolean | undefined' is not assignable to type 'boolean | "new"'.
      Type 'undefined' is not assignable to type 'boolean | "new"'.
src/shared/tools/web-scraper.ts(133,11): error TS6133: 'text' is declared but its value is never read.
src/shared/tools/web-scraper.ts(265,16): error TS6133: 'scrapeIndeedJob' is declared but its value is never read.
src/shared/tools/web-scraper.ts(446,16): error TS6133: 'scrapeLinkedInJob' is declared but its value is never read.
src/shared/tools/web-scraper.ts(555,16): error TS6133: 'scrapeGenericJob' is declared but its value is never read.
src/shared/utils/path-resolver.ts(1,10): error TS6133: 'join' is declared but its value is never read.
src/shared/utils/pdf-generator.ts(20,3): error TS6133: 'options' is declared but its value is never read.
src/tools/cv-parser.ts(71,33): error TS6133: 'section' is declared but its value is never read.
src/tools/cv-parser.ts(76,32): error TS6133: 'section' is declared but its value is never read.
src/tools/cv-parser.ts(81,29): error TS6133: 'section' is declared but its value is never read.
src/tools/cv-parser.ts(86,37): error TS6133: 'section' is declared but its value is never read.
src/tools/generator.ts(10,3): error TS6133: 'data' is declared but its value is never read.
src/tools/generator.ts(11,3): error TS6133: 'outputPath' is declared but its value is never read.
src/tools/generator.ts(12,3): error TS6133: 'options' is declared but its value is never read.
src/tools/job-analyzer.ts(3,54): error TS6133: 'options' is declared but its value is never read.
